2023-02-23 10:47:04.732  INFO 14540 --- [main] com.yy.springcloud.TestService           : Starting TestService on DESKTOP-CAVF6SU with PID 14540 (started by My in D:\myJavaLearn\server\cloud-provide-payment)
2023-02-23 10:47:04.775  INFO 14540 --- [main] com.yy.springcloud.TestService           : The following profiles are active: dev
2023-02-23 10:47:07.716  INFO 14540 --- [main] .s.d.r.c.RepositoryConfigurationDelegate : Multiple Spring Data modules found, entering strict repository configuration mode!
2023-02-23 10:47:07.731  INFO 14540 --- [main] .s.d.r.c.RepositoryConfigurationDelegate : Bootstrapping Spring Data repositories in DEFAULT mode.
2023-02-23 10:47:07.790  INFO 14540 --- [main] .s.d.r.c.RepositoryConfigurationDelegate : Finished Spring Data repository scanning in 33ms. Found 0 repository interfaces.
2023-02-23 10:47:08.946  INFO 14540 --- [main] trationDelegate$BeanPostProcessorChecker : Bean 'org.springframework.security.config.annotation.configuration.ObjectPostProcessorConfiguration' of type [org.springframework.security.config.annotation.configuration.ObjectPostProcessorConfiguration$$EnhancerBySpringCGLIB$$4113d424] is not eligible for getting processed by all BeanPostProcessors (for example: not eligible for auto-proxying)
2023-02-23 10:47:08.959  INFO 14540 --- [main] trationDelegate$BeanPostProcessorChecker : Bean 'org.springframework.transaction.annotation.ProxyTransactionManagementConfiguration' of type [org.springframework.transaction.annotation.ProxyTransactionManagementConfiguration$$EnhancerBySpringCGLIB$$a8660bea] is not eligible for getting processed by all BeanPostProcessors (for example: not eligible for auto-proxying)
2023-02-23 10:47:09.012  INFO 14540 --- [main] trationDelegate$BeanPostProcessorChecker : Bean 'objectPostProcessor' of type [org.springframework.security.config.annotation.configuration.AutowireBeanFactoryObjectPostProcessor] is not eligible for getting processed by all BeanPostProcessors (for example: not eligible for auto-proxying)
2023-02-23 10:47:09.016  INFO 14540 --- [main] trationDelegate$BeanPostProcessorChecker : Bean 'org.springframework.security.access.expression.method.DefaultMethodSecurityExpressionHandler@2bfaba70' of type [org.springframework.security.access.expression.method.DefaultMethodSecurityExpressionHandler] is not eligible for getting processed by all BeanPostProcessors (for example: not eligible for auto-proxying)
2023-02-23 10:47:09.036  INFO 14540 --- [main] trationDelegate$BeanPostProcessorChecker : Bean 'org.springframework.security.config.annotation.method.configuration.GlobalMethodSecurityConfiguration' of type [org.springframework.security.config.annotation.method.configuration.GlobalMethodSecurityConfiguration$$EnhancerBySpringCGLIB$$65e876d6] is not eligible for getting processed by all BeanPostProcessors (for example: not eligible for auto-proxying)
2023-02-23 10:47:09.049  INFO 14540 --- [main] trationDelegate$BeanPostProcessorChecker : Bean 'methodSecurityMetadataSource' of type [org.springframework.security.access.method.DelegatingMethodSecurityMetadataSource] is not eligible for getting processed by all BeanPostProcessors (for example: not eligible for auto-proxying)
2023-02-23 10:47:09.875  INFO 14540 --- [main] c.a.d.s.b.a.DruidDataSourceAutoConfigure : Init DruidDataSource
2023-02-23 10:47:10.242 ERROR 14540 --- [main] com.alibaba.druid.pool.DruidDataSource   : testWhileIdle is true, validationQuery not set
2023-02-23 10:47:10.262  INFO 14540 --- [main] com.alibaba.druid.pool.DruidDataSource   : {dataSource-1} inited
2023-02-23 10:47:13.080  INFO 14540 --- [main] o.s.b.a.e.web.EndpointLinksResolver      : Exposing 2 endpoint(s) beneath base path '/actuator'
2023-02-23 10:47:13.408  INFO 14540 --- [main] o.s.s.concurrent.ThreadPoolTaskExecutor  : Initializing ExecutorService
2023-02-23 10:47:13.422  INFO 14540 --- [main] o.s.s.concurrent.ThreadPoolTaskExecutor  : Initializing ExecutorService 'newAsyncExecutor'
2023-02-23 10:47:13.503  INFO 14540 --- [main] pertySourcedRequestMappingHandlerMapping : Mapped URL path [/v2/api-docs] onto method [public org.springframework.http.ResponseEntity<springfox.documentation.spring.web.json.Json> springfox.documentation.swagger2.web.Swagger2Controller.getDocumentation(java.lang.String,javax.servlet.http.HttpServletRequest)]
2023-02-23 10:47:14.294  INFO 14540 --- [main] .s.s.UserDetailsServiceAutoConfiguration : 

Using generated security password: 80651929-9f99-4987-90e2-3a9ad41fea5c

2023-02-23 10:47:14.727  INFO 14540 --- [main] o.s.s.web.DefaultSecurityFilterChain     : Creating filter chain: any request, [org.springframework.security.web.context.request.async.WebAsyncManagerIntegrationFilter@efe49ab, org.springframework.security.web.context.SecurityContextPersistenceFilter@2e3cd732, org.springframework.security.web.header.HeaderWriterFilter@46702c26, org.springframework.security.web.authentication.logout.LogoutFilter@699d96bc, com.yy.springcloud.interceptor.AuthenticationFilter@6dcf7b6a, org.springframework.security.web.authentication.www.BasicAuthenticationFilter@521ba38f, org.springframework.security.web.savedrequest.RequestCacheAwareFilter@2ab8589a, org.springframework.security.web.servletapi.SecurityContextHolderAwareRequestFilter@52b30054, org.springframework.security.web.authentication.AnonymousAuthenticationFilter@53dba9cd, org.springframework.security.web.session.SessionManagementFilter@e3ed455, org.springframework.security.web.access.ExceptionTranslationFilter@270f28cf, org.springframework.security.web.access.intercept.FilterSecurityInterceptor@e07b4db]
2023-02-23 10:47:17.272  INFO 14540 --- [main] d.s.w.p.DocumentationPluginsBootstrapper : Context refreshed
2023-02-23 10:47:17.359  INFO 14540 --- [main] d.s.w.p.DocumentationPluginsBootstrapper : Found 1 custom documentation plugin(s)
2023-02-23 10:47:17.493  INFO 14540 --- [main] s.d.s.w.s.ApiListingReferenceScanner     : Scanning for api listing references
2023-02-23 10:47:18.044  INFO 14540 --- [main] com.yy.springcloud.TestService           : Started TestService in 14.109 seconds (JVM running for 15.332)
2023-02-23 10:47:23.712 DEBUG 14540 --- [main] c.yy.springcloud.dao.PaymentDao.create   : ==>  Preparing: INSERT INTO t_order ( userId, amount, cowry, orderId, channel, product_id, original_price, order_type, static_amount ) VALUES ( ?, ?, ?, ?, ?, ?, ?, ?, ? ) 
2023-02-23 10:47:23.836 DEBUG 14540 --- [main] c.yy.springcloud.dao.PaymentDao.create   : ==> Parameters: 12220033(Long), null, 60.0(Double), 122200021663237458923(String), nowPay_offical_13(String), 2(Integer), null, 1(Integer), 0.01(Double)
2023-02-23 10:47:23.865 DEBUG 14540 --- [main] c.yy.springcloud.dao.PaymentDao.create   : <==    Updates: 1
2023-02-23 10:47:24.224  INFO 14540 --- [main] io.lettuce.core.EpollProvider            : Starting without optional epoll library
2023-02-23 10:47:24.227  INFO 14540 --- [main] io.lettuce.core.KqueueProvider           : Starting without optional kqueue library
2023-02-23 10:47:25.374 DEBUG 14540 --- [main] c.y.s.dao.PaymentDao.queryById           : ==>  Preparing: SELECT g.id AS "id", g.userId AS "userId", g.amount as "amount", g.static_amount as "staticAmount", g.cowry AS "cowry", g.orderId AS "orderId", g.channel AS "channel", g.addTime AS "addTime", g.order_type AS "orderType", g.product_id AS "productId", g.original_price AS "originalPrice", g.successTime AS "successTime", g.status AS "status", g.updated_time AS "updated_time" FROM t_order g WHERE g.id = ? 
2023-02-23 10:47:25.375 DEBUG 14540 --- [main] c.y.s.dao.PaymentDao.queryById           : ==> Parameters: 1(Long)
2023-02-23 10:47:25.405 DEBUG 14540 --- [main] c.y.s.dao.PaymentDao.queryById           : <==      Total: 0
2023-02-23 10:47:25.446  INFO 14540 --- [Thread-3] o.s.s.concurrent.ThreadPoolTaskExecutor  : Shutting down ExecutorService 'newAsyncExecutor'
2023-02-23 10:47:26.606  INFO 14540 --- [Thread-3] com.alibaba.druid.pool.DruidDataSource   : {dataSource-1} closed
2023-02-23 10:57:41.686  INFO 14856 --- [main] com.yy.springcloud.TestService           : Starting TestService on DESKTOP-CAVF6SU with PID 14856 (started by My in D:\myJavaLearn\server\cloud-provide-payment)
2023-02-23 10:57:41.688  INFO 14856 --- [main] com.yy.springcloud.TestService           : The following profiles are active: dev
2023-02-23 10:57:44.517  INFO 14856 --- [main] .s.d.r.c.RepositoryConfigurationDelegate : Multiple Spring Data modules found, entering strict repository configuration mode!
2023-02-23 10:57:44.522  INFO 14856 --- [main] .s.d.r.c.RepositoryConfigurationDelegate : Bootstrapping Spring Data repositories in DEFAULT mode.
2023-02-23 10:57:44.613  INFO 14856 --- [main] .s.d.r.c.RepositoryConfigurationDelegate : Finished Spring Data repository scanning in 53ms. Found 0 repository interfaces.
2023-02-23 10:57:45.939  INFO 14856 --- [main] trationDelegate$BeanPostProcessorChecker : Bean 'org.springframework.security.config.annotation.configuration.ObjectPostProcessorConfiguration' of type [org.springframework.security.config.annotation.configuration.ObjectPostProcessorConfiguration$$EnhancerBySpringCGLIB$$d12c0a41] is not eligible for getting processed by all BeanPostProcessors (for example: not eligible for auto-proxying)
2023-02-23 10:57:45.953  INFO 14856 --- [main] trationDelegate$BeanPostProcessorChecker : Bean 'org.springframework.transaction.annotation.ProxyTransactionManagementConfiguration' of type [org.springframework.transaction.annotation.ProxyTransactionManagementConfiguration$$EnhancerBySpringCGLIB$$387e4207] is not eligible for getting processed by all BeanPostProcessors (for example: not eligible for auto-proxying)
2023-02-23 10:57:46.005  INFO 14856 --- [main] trationDelegate$BeanPostProcessorChecker : Bean 'objectPostProcessor' of type [org.springframework.security.config.annotation.configuration.AutowireBeanFactoryObjectPostProcessor] is not eligible for getting processed by all BeanPostProcessors (for example: not eligible for auto-proxying)
2023-02-23 10:57:46.008  INFO 14856 --- [main] trationDelegate$BeanPostProcessorChecker : Bean 'org.springframework.security.access.expression.method.DefaultMethodSecurityExpressionHandler@3127cb44' of type [org.springframework.security.access.expression.method.DefaultMethodSecurityExpressionHandler] is not eligible for getting processed by all BeanPostProcessors (for example: not eligible for auto-proxying)
2023-02-23 10:57:46.021  INFO 14856 --- [main] trationDelegate$BeanPostProcessorChecker : Bean 'org.springframework.security.config.annotation.method.configuration.GlobalMethodSecurityConfiguration' of type [org.springframework.security.config.annotation.method.configuration.GlobalMethodSecurityConfiguration$$EnhancerBySpringCGLIB$$f600acf3] is not eligible for getting processed by all BeanPostProcessors (for example: not eligible for auto-proxying)
2023-02-23 10:57:46.032  INFO 14856 --- [main] trationDelegate$BeanPostProcessorChecker : Bean 'methodSecurityMetadataSource' of type [org.springframework.security.access.method.DelegatingMethodSecurityMetadataSource] is not eligible for getting processed by all BeanPostProcessors (for example: not eligible for auto-proxying)
2023-02-23 10:57:46.872  INFO 14856 --- [main] c.a.d.s.b.a.DruidDataSourceAutoConfigure : Init DruidDataSource
2023-02-23 10:57:47.185 ERROR 14856 --- [main] com.alibaba.druid.pool.DruidDataSource   : testWhileIdle is true, validationQuery not set
2023-02-23 10:57:47.203  INFO 14856 --- [main] com.alibaba.druid.pool.DruidDataSource   : {dataSource-1} inited
2023-02-23 10:57:49.826  INFO 14856 --- [main] o.s.b.a.e.web.EndpointLinksResolver      : Exposing 2 endpoint(s) beneath base path '/actuator'
2023-02-23 10:57:50.246  INFO 14856 --- [main] o.s.s.concurrent.ThreadPoolTaskExecutor  : Initializing ExecutorService
2023-02-23 10:57:50.286  INFO 14856 --- [main] o.s.s.concurrent.ThreadPoolTaskExecutor  : Initializing ExecutorService 'newAsyncExecutor'
2023-02-23 10:57:50.390  INFO 14856 --- [main] pertySourcedRequestMappingHandlerMapping : Mapped URL path [/v2/api-docs] onto method [public org.springframework.http.ResponseEntity<springfox.documentation.spring.web.json.Json> springfox.documentation.swagger2.web.Swagger2Controller.getDocumentation(java.lang.String,javax.servlet.http.HttpServletRequest)]
2023-02-23 10:57:51.301  INFO 14856 --- [main] .s.s.UserDetailsServiceAutoConfiguration : 

Using generated security password: da90daa8-d916-4b48-bcab-a5ab82087722

2023-02-23 10:57:51.628  INFO 14856 --- [main] o.s.s.web.DefaultSecurityFilterChain     : Creating filter chain: any request, [org.springframework.security.web.context.request.async.WebAsyncManagerIntegrationFilter@4eb63dc8, org.springframework.security.web.context.SecurityContextPersistenceFilter@7ea3839e, org.springframework.security.web.header.HeaderWriterFilter@2e3cd732, org.springframework.security.web.authentication.logout.LogoutFilter@36e409e0, com.yy.springcloud.interceptor.AuthenticationFilter@402d6012, org.springframework.security.web.authentication.www.BasicAuthenticationFilter@efe49ab, org.springframework.security.web.savedrequest.RequestCacheAwareFilter@d3cce46, org.springframework.security.web.servletapi.SecurityContextHolderAwareRequestFilter@3d3930fe, org.springframework.security.web.authentication.AnonymousAuthenticationFilter@395281c2, org.springframework.security.web.session.SessionManagementFilter@2ab8589a, org.springframework.security.web.access.ExceptionTranslationFilter@65e620b0, org.springframework.security.web.access.intercept.FilterSecurityInterceptor@273aaab7]
2023-02-23 10:57:53.545  INFO 14856 --- [main] d.s.w.p.DocumentationPluginsBootstrapper : Context refreshed
2023-02-23 10:57:53.591  INFO 14856 --- [main] d.s.w.p.DocumentationPluginsBootstrapper : Found 1 custom documentation plugin(s)
2023-02-23 10:57:53.650  INFO 14856 --- [main] s.d.s.w.s.ApiListingReferenceScanner     : Scanning for api listing references
2023-02-23 10:57:53.933  INFO 14856 --- [main] com.yy.springcloud.TestService           : Started TestService in 13.128 seconds (JVM running for 14.456)
2023-02-23 10:57:55.634 DEBUG 14856 --- [main] c.yy.springcloud.dao.PaymentDao.create   : ==>  Preparing: INSERT INTO t_order ( userId, amount, cowry, orderId, channel, product_id, original_price, order_type, static_amount ) VALUES ( ?, ?, ?, ?, ?, ?, ?, ?, ? ) 
2023-02-23 10:57:55.690 DEBUG 14856 --- [main] c.yy.springcloud.dao.PaymentDao.create   : ==> Parameters: 12220033(Long), null, 60.0(Double), 122200021663237458923(String), nowPay_offical_13(String), 2(Integer), null, 1(Integer), 0.01(Double)
2023-02-23 10:57:55.721 DEBUG 14856 --- [main] c.yy.springcloud.dao.PaymentDao.create   : <==    Updates: 1
2023-02-23 10:57:55.980  INFO 14856 --- [main] io.lettuce.core.EpollProvider            : Starting without optional epoll library
2023-02-23 10:57:55.986  INFO 14856 --- [main] io.lettuce.core.KqueueProvider           : Starting without optional kqueue library
2023-02-23 10:57:57.091  INFO 14856 --- [Thread-3] o.s.s.concurrent.ThreadPoolTaskExecutor  : Shutting down ExecutorService 'newAsyncExecutor'
2023-02-23 10:57:58.249  INFO 14856 --- [Thread-3] com.alibaba.druid.pool.DruidDataSource   : {dataSource-1} closed
2023-02-23 10:59:22.833  INFO 16960 --- [main] com.yy.springcloud.TestService           : Starting TestService on DESKTOP-CAVF6SU with PID 16960 (started by My in D:\myJavaLearn\server\cloud-provide-payment)
2023-02-23 10:59:22.835  INFO 16960 --- [main] com.yy.springcloud.TestService           : The following profiles are active: dev
2023-02-23 10:59:25.475  INFO 16960 --- [main] .s.d.r.c.RepositoryConfigurationDelegate : Multiple Spring Data modules found, entering strict repository configuration mode!
2023-02-23 10:59:25.481  INFO 16960 --- [main] .s.d.r.c.RepositoryConfigurationDelegate : Bootstrapping Spring Data repositories in DEFAULT mode.
2023-02-23 10:59:25.579  INFO 16960 --- [main] .s.d.r.c.RepositoryConfigurationDelegate : Finished Spring Data repository scanning in 53ms. Found 0 repository interfaces.
2023-02-23 10:59:27.073  INFO 16960 --- [main] trationDelegate$BeanPostProcessorChecker : Bean 'org.springframework.security.config.annotation.configuration.ObjectPostProcessorConfiguration' of type [org.springframework.security.config.annotation.configuration.ObjectPostProcessorConfiguration$$EnhancerBySpringCGLIB$$a5068e37] is not eligible for getting processed by all BeanPostProcessors (for example: not eligible for auto-proxying)
2023-02-23 10:59:27.085  INFO 16960 --- [main] trationDelegate$BeanPostProcessorChecker : Bean 'org.springframework.transaction.annotation.ProxyTransactionManagementConfiguration' of type [org.springframework.transaction.annotation.ProxyTransactionManagementConfiguration$$EnhancerBySpringCGLIB$$c58c5fd] is not eligible for getting processed by all BeanPostProcessors (for example: not eligible for auto-proxying)
2023-02-23 10:59:27.139  INFO 16960 --- [main] trationDelegate$BeanPostProcessorChecker : Bean 'objectPostProcessor' of type [org.springframework.security.config.annotation.configuration.AutowireBeanFactoryObjectPostProcessor] is not eligible for getting processed by all BeanPostProcessors (for example: not eligible for auto-proxying)
2023-02-23 10:59:27.142  INFO 16960 --- [main] trationDelegate$BeanPostProcessorChecker : Bean 'org.springframework.security.access.expression.method.DefaultMethodSecurityExpressionHandler@6ef60295' of type [org.springframework.security.access.expression.method.DefaultMethodSecurityExpressionHandler] is not eligible for getting processed by all BeanPostProcessors (for example: not eligible for auto-proxying)
2023-02-23 10:59:27.159  INFO 16960 --- [main] trationDelegate$BeanPostProcessorChecker : Bean 'org.springframework.security.config.annotation.method.configuration.GlobalMethodSecurityConfiguration' of type [org.springframework.security.config.annotation.method.configuration.GlobalMethodSecurityConfiguration$$EnhancerBySpringCGLIB$$c9db30e9] is not eligible for getting processed by all BeanPostProcessors (for example: not eligible for auto-proxying)
2023-02-23 10:59:27.173  INFO 16960 --- [main] trationDelegate$BeanPostProcessorChecker : Bean 'methodSecurityMetadataSource' of type [org.springframework.security.access.method.DelegatingMethodSecurityMetadataSource] is not eligible for getting processed by all BeanPostProcessors (for example: not eligible for auto-proxying)
2023-02-23 10:59:27.951  INFO 16960 --- [main] c.a.d.s.b.a.DruidDataSourceAutoConfigure : Init DruidDataSource
2023-02-23 10:59:28.295 ERROR 16960 --- [main] com.alibaba.druid.pool.DruidDataSource   : testWhileIdle is true, validationQuery not set
2023-02-23 10:59:28.321  INFO 16960 --- [main] com.alibaba.druid.pool.DruidDataSource   : {dataSource-1} inited
2023-02-23 10:59:30.691  INFO 16960 --- [main] o.s.b.a.e.web.EndpointLinksResolver      : Exposing 2 endpoint(s) beneath base path '/actuator'
2023-02-23 10:59:30.963  INFO 16960 --- [main] o.s.s.concurrent.ThreadPoolTaskExecutor  : Initializing ExecutorService
2023-02-23 10:59:30.976  INFO 16960 --- [main] o.s.s.concurrent.ThreadPoolTaskExecutor  : Initializing ExecutorService 'newAsyncExecutor'
2023-02-23 10:59:31.041  INFO 16960 --- [main] pertySourcedRequestMappingHandlerMapping : Mapped URL path [/v2/api-docs] onto method [public org.springframework.http.ResponseEntity<springfox.documentation.spring.web.json.Json> springfox.documentation.swagger2.web.Swagger2Controller.getDocumentation(java.lang.String,javax.servlet.http.HttpServletRequest)]
2023-02-23 10:59:31.681  INFO 16960 --- [main] .s.s.UserDetailsServiceAutoConfiguration : 

Using generated security password: 490d164f-af55-4944-bb2e-f0e3f7b351a8

2023-02-23 10:59:32.031  INFO 16960 --- [main] o.s.s.web.DefaultSecurityFilterChain     : Creating filter chain: any request, [org.springframework.security.web.context.request.async.WebAsyncManagerIntegrationFilter@77bb916f, org.springframework.security.web.context.SecurityContextPersistenceFilter@74707df8, org.springframework.security.web.header.HeaderWriterFilter@467af68c, org.springframework.security.web.authentication.logout.LogoutFilter@18c820d2, com.yy.springcloud.interceptor.AuthenticationFilter@5a48d186, org.springframework.security.web.authentication.www.BasicAuthenticationFilter@76b305e1, org.springframework.security.web.savedrequest.RequestCacheAwareFilter@46702c26, org.springframework.security.web.servletapi.SecurityContextHolderAwareRequestFilter@2ab8589a, org.springframework.security.web.authentication.AnonymousAuthenticationFilter@521ba38f, org.springframework.security.web.session.SessionManagementFilter@1d6f77d7, org.springframework.security.web.access.ExceptionTranslationFilter@5d27b4c1, org.springframework.security.web.access.intercept.FilterSecurityInterceptor@2b6262bc]
2023-02-23 10:59:34.477  INFO 16960 --- [main] d.s.w.p.DocumentationPluginsBootstrapper : Context refreshed
2023-02-23 10:59:34.520  INFO 16960 --- [main] d.s.w.p.DocumentationPluginsBootstrapper : Found 1 custom documentation plugin(s)
2023-02-23 10:59:34.566  INFO 16960 --- [main] s.d.s.w.s.ApiListingReferenceScanner     : Scanning for api listing references
2023-02-23 10:59:34.837  INFO 16960 --- [main] com.yy.springcloud.TestService           : Started TestService in 12.731 seconds (JVM running for 13.796)
2023-02-23 10:59:36.723 DEBUG 16960 --- [main] c.yy.springcloud.dao.PaymentDao.create   : ==>  Preparing: INSERT INTO t_order ( userId, amount, cowry, orderId, channel, product_id, original_price, order_type, static_amount ) VALUES ( ?, ?, ?, ?, ?, ?, ?, ?, ? ) 
2023-02-23 10:59:36.778 DEBUG 16960 --- [main] c.yy.springcloud.dao.PaymentDao.create   : ==> Parameters: 12220033(Long), null, 60.0(Double), 122200021663237458923(String), nowPay_offical_13(String), 2(Integer), null, 1(Integer), 0.01(Double)
2023-02-23 10:59:36.802 DEBUG 16960 --- [main] c.yy.springcloud.dao.PaymentDao.create   : <==    Updates: 1
2023-02-23 10:59:37.056  INFO 16960 --- [main] io.lettuce.core.EpollProvider            : Starting without optional epoll library
2023-02-23 10:59:37.058  INFO 16960 --- [main] io.lettuce.core.KqueueProvider           : Starting without optional kqueue library
2023-02-23 10:59:38.069  INFO 16960 --- [Thread-3] o.s.s.concurrent.ThreadPoolTaskExecutor  : Shutting down ExecutorService 'newAsyncExecutor'
2023-02-23 10:59:39.243  INFO 16960 --- [Thread-3] com.alibaba.druid.pool.DruidDataSource   : {dataSource-1} closed
2023-02-23 11:06:23.767  INFO 16320 --- [main] com.yy.springcloud.TestService           : Starting TestService on DESKTOP-CAVF6SU with PID 16320 (started by My in D:\myJavaLearn\server\cloud-provide-payment)
2023-02-23 11:06:23.770  INFO 16320 --- [main] com.yy.springcloud.TestService           : The following profiles are active: dev
2023-02-23 11:06:27.911  INFO 16320 --- [main] .s.d.r.c.RepositoryConfigurationDelegate : Multiple Spring Data modules found, entering strict repository configuration mode!
2023-02-23 11:06:27.916  INFO 16320 --- [main] .s.d.r.c.RepositoryConfigurationDelegate : Bootstrapping Spring Data repositories in DEFAULT mode.
2023-02-23 11:06:28.013  INFO 16320 --- [main] .s.d.r.c.RepositoryConfigurationDelegate : Finished Spring Data repository scanning in 39ms. Found 0 repository interfaces.
2023-02-23 11:06:29.634  INFO 16320 --- [main] trationDelegate$BeanPostProcessorChecker : Bean 'org.springframework.security.config.annotation.configuration.ObjectPostProcessorConfiguration' of type [org.springframework.security.config.annotation.configuration.ObjectPostProcessorConfiguration$$EnhancerBySpringCGLIB$$d12c0a41] is not eligible for getting processed by all BeanPostProcessors (for example: not eligible for auto-proxying)
2023-02-23 11:06:29.674  INFO 16320 --- [main] trationDelegate$BeanPostProcessorChecker : Bean 'org.springframework.transaction.annotation.ProxyTransactionManagementConfiguration' of type [org.springframework.transaction.annotation.ProxyTransactionManagementConfiguration$$EnhancerBySpringCGLIB$$387e4207] is not eligible for getting processed by all BeanPostProcessors (for example: not eligible for auto-proxying)
2023-02-23 11:06:29.796  INFO 16320 --- [main] trationDelegate$BeanPostProcessorChecker : Bean 'objectPostProcessor' of type [org.springframework.security.config.annotation.configuration.AutowireBeanFactoryObjectPostProcessor] is not eligible for getting processed by all BeanPostProcessors (for example: not eligible for auto-proxying)
2023-02-23 11:06:29.804  INFO 16320 --- [main] trationDelegate$BeanPostProcessorChecker : Bean 'org.springframework.security.access.expression.method.DefaultMethodSecurityExpressionHandler@3234474' of type [org.springframework.security.access.expression.method.DefaultMethodSecurityExpressionHandler] is not eligible for getting processed by all BeanPostProcessors (for example: not eligible for auto-proxying)
2023-02-23 11:06:29.817  INFO 16320 --- [main] trationDelegate$BeanPostProcessorChecker : Bean 'org.springframework.security.config.annotation.method.configuration.GlobalMethodSecurityConfiguration' of type [org.springframework.security.config.annotation.method.configuration.GlobalMethodSecurityConfiguration$$EnhancerBySpringCGLIB$$f600acf3] is not eligible for getting processed by all BeanPostProcessors (for example: not eligible for auto-proxying)
2023-02-23 11:06:29.832  INFO 16320 --- [main] trationDelegate$BeanPostProcessorChecker : Bean 'methodSecurityMetadataSource' of type [org.springframework.security.access.method.DelegatingMethodSecurityMetadataSource] is not eligible for getting processed by all BeanPostProcessors (for example: not eligible for auto-proxying)
2023-02-23 11:06:31.857  INFO 16320 --- [main] c.a.d.s.b.a.DruidDataSourceAutoConfigure : Init DruidDataSource
2023-02-23 11:06:32.516 ERROR 16320 --- [main] com.alibaba.druid.pool.DruidDataSource   : testWhileIdle is true, validationQuery not set
2023-02-23 11:06:32.612  INFO 16320 --- [main] com.alibaba.druid.pool.DruidDataSource   : {dataSource-1} inited
2023-02-23 11:06:38.639  INFO 16320 --- [main] o.s.b.a.e.web.EndpointLinksResolver      : Exposing 2 endpoint(s) beneath base path '/actuator'
2023-02-23 11:06:39.500  INFO 16320 --- [main] o.s.s.concurrent.ThreadPoolTaskExecutor  : Initializing ExecutorService
2023-02-23 11:06:39.547  INFO 16320 --- [main] o.s.s.concurrent.ThreadPoolTaskExecutor  : Initializing ExecutorService 'newAsyncExecutor'
2023-02-23 11:06:39.723  INFO 16320 --- [main] pertySourcedRequestMappingHandlerMapping : Mapped URL path [/v2/api-docs] onto method [public org.springframework.http.ResponseEntity<springfox.documentation.spring.web.json.Json> springfox.documentation.swagger2.web.Swagger2Controller.getDocumentation(java.lang.String,javax.servlet.http.HttpServletRequest)]
2023-02-23 11:06:41.555  INFO 16320 --- [main] .s.s.UserDetailsServiceAutoConfiguration : 

Using generated security password: 00e11e56-cec4-40f2-95c7-1fc1839c6d74

2023-02-23 11:06:42.388  INFO 16320 --- [main] o.s.s.web.DefaultSecurityFilterChain     : Creating filter chain: any request, [org.springframework.security.web.context.request.async.WebAsyncManagerIntegrationFilter@184de357, org.springframework.security.web.context.SecurityContextPersistenceFilter@606d6d2c, org.springframework.security.web.header.HeaderWriterFilter@12c76d6e, org.springframework.security.web.authentication.logout.LogoutFilter@69ce14e6, com.yy.springcloud.interceptor.AuthenticationFilter@efe49ab, org.springframework.security.web.authentication.www.BasicAuthenticationFilter@5a48d186, org.springframework.security.web.savedrequest.RequestCacheAwareFilter@56d822dc, org.springframework.security.web.servletapi.SecurityContextHolderAwareRequestFilter@30eedaa4, org.springframework.security.web.authentication.AnonymousAuthenticationFilter@6dcf7b6a, org.springframework.security.web.session.SessionManagementFilter@7956f93a, org.springframework.security.web.access.ExceptionTranslationFilter@473847fb, org.springframework.security.web.access.intercept.FilterSecurityInterceptor@31940704]
2023-02-23 11:06:48.736  INFO 16320 --- [main] d.s.w.p.DocumentationPluginsBootstrapper : Context refreshed
2023-02-23 11:06:48.896  INFO 16320 --- [main] d.s.w.p.DocumentationPluginsBootstrapper : Found 1 custom documentation plugin(s)
2023-02-23 11:06:48.987  INFO 16320 --- [main] s.d.s.w.s.ApiListingReferenceScanner     : Scanning for api listing references
2023-02-23 11:06:49.636  INFO 16320 --- [main] com.yy.springcloud.TestService           : Started TestService in 27.079 seconds (JVM running for 28.751)
2023-02-23 11:06:52.369 DEBUG 16320 --- [main] c.yy.springcloud.dao.PaymentDao.create   : ==>  Preparing: INSERT INTO t_order ( userId, amount, cowry, orderId, channel, product_id, original_price, order_type, static_amount ) VALUES ( ?, ?, ?, ?, ?, ?, ?, ?, ? ) 
2023-02-23 11:06:52.417 DEBUG 16320 --- [main] c.yy.springcloud.dao.PaymentDao.create   : ==> Parameters: 12220033(Long), null, 60.0(Double), 122200021663237458923(String), nowPay_offical_13(String), 2(Integer), null, 1(Integer), 0.01(Double)
2023-02-23 11:06:52.439 DEBUG 16320 --- [main] c.yy.springcloud.dao.PaymentDao.create   : <==    Updates: 1
2023-02-23 11:06:52.730  INFO 16320 --- [main] io.lettuce.core.EpollProvider            : Starting without optional epoll library
2023-02-23 11:06:52.733  INFO 16320 --- [main] io.lettuce.core.KqueueProvider           : Starting without optional kqueue library
2023-02-23 11:06:53.955  INFO 16320 --- [Thread-3] o.s.s.concurrent.ThreadPoolTaskExecutor  : Shutting down ExecutorService 'newAsyncExecutor'
2023-02-23 11:06:55.103  INFO 16320 --- [Thread-3] com.alibaba.druid.pool.DruidDataSource   : {dataSource-1} closed
2023-02-23 11:25:32.006  INFO 12920 --- [main] com.yy.springcloud.TestService           : Starting TestService on DESKTOP-CAVF6SU with PID 12920 (started by My in D:\myJavaLearn\server\cloud-provide-payment)
2023-02-23 11:25:32.008  INFO 12920 --- [main] com.yy.springcloud.TestService           : The following profiles are active: dev
2023-02-23 11:25:35.268  INFO 12920 --- [main] .s.d.r.c.RepositoryConfigurationDelegate : Multiple Spring Data modules found, entering strict repository configuration mode!
2023-02-23 11:25:35.273  INFO 12920 --- [main] .s.d.r.c.RepositoryConfigurationDelegate : Bootstrapping Spring Data repositories in DEFAULT mode.
2023-02-23 11:25:35.336  INFO 12920 --- [main] .s.d.r.c.RepositoryConfigurationDelegate : Finished Spring Data repository scanning in 36ms. Found 0 repository interfaces.
2023-02-23 11:25:37.174  INFO 12920 --- [main] trationDelegate$BeanPostProcessorChecker : Bean 'org.springframework.security.config.annotation.configuration.ObjectPostProcessorConfiguration' of type [org.springframework.security.config.annotation.configuration.ObjectPostProcessorConfiguration$$EnhancerBySpringCGLIB$$a5068e37] is not eligible for getting processed by all BeanPostProcessors (for example: not eligible for auto-proxying)
2023-02-23 11:25:37.192  INFO 12920 --- [main] trationDelegate$BeanPostProcessorChecker : Bean 'org.springframework.transaction.annotation.ProxyTransactionManagementConfiguration' of type [org.springframework.transaction.annotation.ProxyTransactionManagementConfiguration$$EnhancerBySpringCGLIB$$c58c5fd] is not eligible for getting processed by all BeanPostProcessors (for example: not eligible for auto-proxying)
2023-02-23 11:25:37.261  INFO 12920 --- [main] trationDelegate$BeanPostProcessorChecker : Bean 'objectPostProcessor' of type [org.springframework.security.config.annotation.configuration.AutowireBeanFactoryObjectPostProcessor] is not eligible for getting processed by all BeanPostProcessors (for example: not eligible for auto-proxying)
2023-02-23 11:25:37.266  INFO 12920 --- [main] trationDelegate$BeanPostProcessorChecker : Bean 'org.springframework.security.access.expression.method.DefaultMethodSecurityExpressionHandler@3127cb44' of type [org.springframework.security.access.expression.method.DefaultMethodSecurityExpressionHandler] is not eligible for getting processed by all BeanPostProcessors (for example: not eligible for auto-proxying)
2023-02-23 11:25:37.282  INFO 12920 --- [main] trationDelegate$BeanPostProcessorChecker : Bean 'org.springframework.security.config.annotation.method.configuration.GlobalMethodSecurityConfiguration' of type [org.springframework.security.config.annotation.method.configuration.GlobalMethodSecurityConfiguration$$EnhancerBySpringCGLIB$$c9db30e9] is not eligible for getting processed by all BeanPostProcessors (for example: not eligible for auto-proxying)
2023-02-23 11:25:37.302  INFO 12920 --- [main] trationDelegate$BeanPostProcessorChecker : Bean 'methodSecurityMetadataSource' of type [org.springframework.security.access.method.DelegatingMethodSecurityMetadataSource] is not eligible for getting processed by all BeanPostProcessors (for example: not eligible for auto-proxying)
2023-02-23 11:25:38.221  INFO 12920 --- [main] c.a.d.s.b.a.DruidDataSourceAutoConfigure : Init DruidDataSource
2023-02-23 11:25:38.997 ERROR 12920 --- [main] com.alibaba.druid.pool.DruidDataSource   : testWhileIdle is true, validationQuery not set
2023-02-23 11:25:39.041  INFO 12920 --- [main] com.alibaba.druid.pool.DruidDataSource   : {dataSource-1} inited
2023-02-23 11:25:42.367  INFO 12920 --- [main] o.s.b.a.e.web.EndpointLinksResolver      : Exposing 2 endpoint(s) beneath base path '/actuator'
2023-02-23 11:25:42.626  INFO 12920 --- [main] o.s.s.concurrent.ThreadPoolTaskExecutor  : Initializing ExecutorService
2023-02-23 11:25:42.639  INFO 12920 --- [main] o.s.s.concurrent.ThreadPoolTaskExecutor  : Initializing ExecutorService 'newAsyncExecutor'
2023-02-23 11:25:42.695  INFO 12920 --- [main] pertySourcedRequestMappingHandlerMapping : Mapped URL path [/v2/api-docs] onto method [public org.springframework.http.ResponseEntity<springfox.documentation.spring.web.json.Json> springfox.documentation.swagger2.web.Swagger2Controller.getDocumentation(java.lang.String,javax.servlet.http.HttpServletRequest)]
2023-02-23 11:25:43.451  INFO 12920 --- [main] .s.s.UserDetailsServiceAutoConfiguration : 

Using generated security password: 29c9d160-6735-4b18-bbfe-0a040d29a104

2023-02-23 11:25:43.804  INFO 12920 --- [main] o.s.s.web.DefaultSecurityFilterChain     : Creating filter chain: any request, [org.springframework.security.web.context.request.async.WebAsyncManagerIntegrationFilter@77bb916f, org.springframework.security.web.context.SecurityContextPersistenceFilter@74707df8, org.springframework.security.web.header.HeaderWriterFilter@467af68c, org.springframework.security.web.authentication.logout.LogoutFilter@18c820d2, com.yy.springcloud.interceptor.AuthenticationFilter@5a48d186, org.springframework.security.web.authentication.www.BasicAuthenticationFilter@76b305e1, org.springframework.security.web.savedrequest.RequestCacheAwareFilter@46702c26, org.springframework.security.web.servletapi.SecurityContextHolderAwareRequestFilter@2ab8589a, org.springframework.security.web.authentication.AnonymousAuthenticationFilter@521ba38f, org.springframework.security.web.session.SessionManagementFilter@1d6f77d7, org.springframework.security.web.access.ExceptionTranslationFilter@5d27b4c1, org.springframework.security.web.access.intercept.FilterSecurityInterceptor@2b6262bc]
2023-02-23 11:25:49.671  INFO 12920 --- [main] d.s.w.p.DocumentationPluginsBootstrapper : Context refreshed
2023-02-23 11:25:49.863  INFO 12920 --- [main] d.s.w.p.DocumentationPluginsBootstrapper : Found 1 custom documentation plugin(s)
2023-02-23 11:25:49.996  INFO 12920 --- [main] s.d.s.w.s.ApiListingReferenceScanner     : Scanning for api listing references
2023-02-23 11:25:50.798  INFO 12920 --- [main] com.yy.springcloud.TestService           : Started TestService in 19.768 seconds (JVM running for 21.602)
2023-02-23 11:25:54.424 DEBUG 12920 --- [main] c.yy.springcloud.dao.PaymentDao.create   : ==>  Preparing: INSERT INTO t_order ( userId, amount, cowry, orderId, channel, product_id, original_price, order_type, static_amount ) VALUES ( ?, ?, ?, ?, ?, ?, ?, ?, ? ) 
2023-02-23 11:25:54.496 DEBUG 12920 --- [main] c.yy.springcloud.dao.PaymentDao.create   : ==> Parameters: 12220033(Long), null, 60.0(Double), 122200021663237458923(String), nowPay_offical_13(String), 2(Integer), null, 1(Integer), 0.01(Double)
2023-02-23 11:25:54.522 DEBUG 12920 --- [main] c.yy.springcloud.dao.PaymentDao.create   : <==    Updates: 1
2023-02-23 11:25:54.928  INFO 12920 --- [main] io.lettuce.core.EpollProvider            : Starting without optional epoll library
2023-02-23 11:25:54.933  INFO 12920 --- [main] io.lettuce.core.KqueueProvider           : Starting without optional kqueue library
2023-02-23 11:25:56.415  INFO 12920 --- [Thread-3] o.s.s.concurrent.ThreadPoolTaskExecutor  : Shutting down ExecutorService 'newAsyncExecutor'
2023-02-23 11:25:57.559  INFO 12920 --- [Thread-3] com.alibaba.druid.pool.DruidDataSource   : {dataSource-1} closed
2023-02-23 11:28:19.355  INFO 11512 --- [main] com.yy.springcloud.TestService           : Starting TestService on DESKTOP-CAVF6SU with PID 11512 (started by My in D:\myJavaLearn\server\cloud-provide-payment)
2023-02-23 11:28:19.356  INFO 11512 --- [main] com.yy.springcloud.TestService           : The following profiles are active: dev
2023-02-23 11:28:24.376  INFO 11512 --- [main] .s.d.r.c.RepositoryConfigurationDelegate : Multiple Spring Data modules found, entering strict repository configuration mode!
2023-02-23 11:28:24.382  INFO 11512 --- [main] .s.d.r.c.RepositoryConfigurationDelegate : Bootstrapping Spring Data repositories in DEFAULT mode.
2023-02-23 11:28:24.479  INFO 11512 --- [main] .s.d.r.c.RepositoryConfigurationDelegate : Finished Spring Data repository scanning in 56ms. Found 0 repository interfaces.
2023-02-23 11:28:27.098  INFO 11512 --- [main] trationDelegate$BeanPostProcessorChecker : Bean 'org.springframework.security.config.annotation.configuration.ObjectPostProcessorConfiguration' of type [org.springframework.security.config.annotation.configuration.ObjectPostProcessorConfiguration$$EnhancerBySpringCGLIB$$9f9ba2e2] is not eligible for getting processed by all BeanPostProcessors (for example: not eligible for auto-proxying)
2023-02-23 11:28:27.115  INFO 11512 --- [main] trationDelegate$BeanPostProcessorChecker : Bean 'org.springframework.transaction.annotation.ProxyTransactionManagementConfiguration' of type [org.springframework.transaction.annotation.ProxyTransactionManagementConfiguration$$EnhancerBySpringCGLIB$$6eddaa8] is not eligible for getting processed by all BeanPostProcessors (for example: not eligible for auto-proxying)
2023-02-23 11:28:27.196  INFO 11512 --- [main] trationDelegate$BeanPostProcessorChecker : Bean 'objectPostProcessor' of type [org.springframework.security.config.annotation.configuration.AutowireBeanFactoryObjectPostProcessor] is not eligible for getting processed by all BeanPostProcessors (for example: not eligible for auto-proxying)
2023-02-23 11:28:27.199  INFO 11512 --- [main] trationDelegate$BeanPostProcessorChecker : Bean 'org.springframework.security.access.expression.method.DefaultMethodSecurityExpressionHandler@1668919e' of type [org.springframework.security.access.expression.method.DefaultMethodSecurityExpressionHandler] is not eligible for getting processed by all BeanPostProcessors (for example: not eligible for auto-proxying)
2023-02-23 11:28:27.216  INFO 11512 --- [main] trationDelegate$BeanPostProcessorChecker : Bean 'org.springframework.security.config.annotation.method.configuration.GlobalMethodSecurityConfiguration' of type [org.springframework.security.config.annotation.method.configuration.GlobalMethodSecurityConfiguration$$EnhancerBySpringCGLIB$$c4704594] is not eligible for getting processed by all BeanPostProcessors (for example: not eligible for auto-proxying)
2023-02-23 11:28:27.237  INFO 11512 --- [main] trationDelegate$BeanPostProcessorChecker : Bean 'methodSecurityMetadataSource' of type [org.springframework.security.access.method.DelegatingMethodSecurityMetadataSource] is not eligible for getting processed by all BeanPostProcessors (for example: not eligible for auto-proxying)
2023-02-23 11:28:28.712  INFO 11512 --- [main] c.a.d.s.b.a.DruidDataSourceAutoConfigure : Init DruidDataSource
2023-02-23 11:28:29.347 ERROR 11512 --- [main] com.alibaba.druid.pool.DruidDataSource   : testWhileIdle is true, validationQuery not set
2023-02-23 11:28:29.388  INFO 11512 --- [main] com.alibaba.druid.pool.DruidDataSource   : {dataSource-1} inited
2023-02-23 11:28:33.811  INFO 11512 --- [main] o.s.b.a.e.web.EndpointLinksResolver      : Exposing 2 endpoint(s) beneath base path '/actuator'
2023-02-23 11:28:35.911  INFO 11512 --- [main] o.s.s.concurrent.ThreadPoolTaskExecutor  : Initializing ExecutorService
2023-02-23 11:28:35.934  INFO 11512 --- [main] o.s.s.concurrent.ThreadPoolTaskExecutor  : Initializing ExecutorService 'newAsyncExecutor'
2023-02-23 11:28:36.058  INFO 11512 --- [main] pertySourcedRequestMappingHandlerMapping : Mapped URL path [/v2/api-docs] onto method [public org.springframework.http.ResponseEntity<springfox.documentation.spring.web.json.Json> springfox.documentation.swagger2.web.Swagger2Controller.getDocumentation(java.lang.String,javax.servlet.http.HttpServletRequest)]
2023-02-23 11:28:41.932  INFO 11512 --- [main] .s.s.UserDetailsServiceAutoConfiguration : 

Using generated security password: d3f9729a-3e82-44bc-8278-960b5b4589a9

2023-02-23 11:28:42.613  INFO 11512 --- [main] o.s.s.web.DefaultSecurityFilterChain     : Creating filter chain: any request, [org.springframework.security.web.context.request.async.WebAsyncManagerIntegrationFilter@285bf5ac, org.springframework.security.web.context.SecurityContextPersistenceFilter@165d1d54, org.springframework.security.web.header.HeaderWriterFilter@2905b568, org.springframework.security.web.authentication.logout.LogoutFilter@44eb2452, com.yy.springcloud.interceptor.AuthenticationFilter@3739f3c9, org.springframework.security.web.authentication.www.BasicAuthenticationFilter@559fd5ec, org.springframework.security.web.savedrequest.RequestCacheAwareFilter@52cb52bd, org.springframework.security.web.servletapi.SecurityContextHolderAwareRequestFilter@51132514, org.springframework.security.web.authentication.AnonymousAuthenticationFilter@7ab2ba47, org.springframework.security.web.session.SessionManagementFilter@1be8c122, org.springframework.security.web.access.ExceptionTranslationFilter@7afb9c93, org.springframework.security.web.access.intercept.FilterSecurityInterceptor@785a4557]
2023-02-23 11:28:46.082  INFO 11512 --- [main] d.s.w.p.DocumentationPluginsBootstrapper : Context refreshed
2023-02-23 11:28:46.126  INFO 11512 --- [main] d.s.w.p.DocumentationPluginsBootstrapper : Found 1 custom documentation plugin(s)
2023-02-23 11:28:46.190  INFO 11512 --- [main] s.d.s.w.s.ApiListingReferenceScanner     : Scanning for api listing references
2023-02-23 11:28:46.523  INFO 11512 --- [main] com.yy.springcloud.TestService           : Started TestService in 28.746 seconds (JVM running for 32.804)
2023-02-23 11:28:48.864 DEBUG 11512 --- [main] c.yy.springcloud.dao.PaymentDao.create   : ==>  Preparing: INSERT INTO t_order ( userId, amount, cowry, orderId, channel, product_id, original_price, order_type, static_amount ) VALUES ( ?, ?, ?, ?, ?, ?, ?, ?, ? ) 
2023-02-23 11:28:48.922 DEBUG 11512 --- [main] c.yy.springcloud.dao.PaymentDao.create   : ==> Parameters: 12220033(Long), null, 60.0(Double), 122200021663237458923(String), nowPay_offical_13(String), 2(Integer), null, 1(Integer), 0.01(Double)
2023-02-23 11:28:48.947 DEBUG 11512 --- [main] c.yy.springcloud.dao.PaymentDao.create   : <==    Updates: 1
2023-02-23 11:28:49.192  INFO 11512 --- [main] io.lettuce.core.EpollProvider            : Starting without optional epoll library
2023-02-23 11:28:49.195  INFO 11512 --- [main] io.lettuce.core.KqueueProvider           : Starting without optional kqueue library
2023-02-23 11:28:50.737  INFO 11512 --- [Thread-3] o.s.s.concurrent.ThreadPoolTaskExecutor  : Shutting down ExecutorService 'newAsyncExecutor'
2023-02-23 11:28:51.896  INFO 11512 --- [Thread-3] com.alibaba.druid.pool.DruidDataSource   : {dataSource-1} closed
